{"/Users/uday-kybing/work/RNSwipeButton/src/components/SwipeButton/index.tsx": {"path":"/Users/uday-kybing/work/RNSwipeButton/src/components/SwipeButton/index.tsx","statementMap":{"0":{"start":{"line":83,"column":48},"end":{"line":269,"column":1}},"1":{"start":{"line":121,"column":40},"end":{"line":121,"column":51}},"2":{"start":{"line":122,"column":56},"end":{"line":122,"column":71}},"3":{"start":{"line":123,"column":42},"end":{"line":123,"column":57}},"4":{"start":{"line":124,"column":52},"end":{"line":124,"column":67}},"5":{"start":{"line":125,"column":54},"end":{"line":125,"column":69}},"6":{"start":{"line":131,"column":28},"end":{"line":136,"column":3}},"7":{"start":{"line":132,"column":4},"end":{"line":134,"column":5}},"8":{"start":{"line":133,"column":6},"end":{"line":133,"column":13}},"9":{"start":{"line":135,"column":4},"end":{"line":135,"column":47}},"10":{"start":{"line":143,"column":2},"end":{"line":149,"column":38}},"11":{"start":{"line":144,"column":4},"end":{"line":148,"column":5}},"12":{"start":{"line":145,"column":6},"end":{"line":145,"column":34}},"13":{"start":{"line":147,"column":6},"end":{"line":147,"column":35}},"14":{"start":{"line":151,"column":36},"end":{"line":156,"column":3}},"15":{"start":{"line":152,"column":4},"end":{"line":154,"column":5}},"16":{"start":{"line":153,"column":6},"end":{"line":153,"column":13}},"17":{"start":{"line":155,"column":4},"end":{"line":155,"column":38}},"18":{"start":{"line":158,"column":2},"end":{"line":173,"column":72}},"19":{"start":{"line":159,"column":4},"end":{"line":159,"column":27}},"20":{"start":{"line":160,"column":25},"end":{"line":163,"column":5}},"21":{"start":{"line":165,"column":4},"end":{"line":165,"column":78}},"22":{"start":{"line":167,"column":4},"end":{"line":172,"column":6}},"23":{"start":{"line":168,"column":6},"end":{"line":168,"column":28}},"24":{"start":{"line":169,"column":6},"end":{"line":171,"column":7}},"25":{"start":{"line":170,"column":8},"end":{"line":170,"column":30}},"26":{"start":{"line":175,"column":2},"end":{"line":184,"column":38}},"27":{"start":{"line":177,"column":4},"end":{"line":183,"column":5}},"28":{"start":{"line":178,"column":6},"end":{"line":178,"column":46}},"29":{"start":{"line":179,"column":11},"end":{"line":183,"column":5}},"30":{"start":{"line":180,"column":6},"end":{"line":180,"column":53}},"31":{"start":{"line":182,"column":6},"end":{"line":182,"column":34}},"32":{"start":{"line":186,"column":22},"end":{"line":192,"column":3}},"33":{"start":{"line":187,"column":4},"end":{"line":187,"column":25}},"34":{"start":{"line":187,"column":18},"end":{"line":187,"column":25}},"35":{"start":{"line":188,"column":4},"end":{"line":191,"column":5}},"36":{"start":{"line":190,"column":6},"end":{"line":190,"column":46}},"37":{"start":{"line":194,"column":22},"end":{"line":196,"column":3}},"38":{"start":{"line":195,"column":4},"end":{"line":195,"column":78}},"39":{"start":{"line":197,"column":44},"end":{"line":204,"column":3}},"40":{"start":{"line":205,"column":2},"end":{"line":268,"column":4}}},"fnMap":{"0":{"name":"(anonymous_0)","decl":{"start":{"line":83,"column":48},"end":{"line":83,"column":49}},"loc":{"start":{"line":120,"column":6},"end":{"line":269,"column":1}},"line":120},"1":{"name":"(anonymous_1)","decl":{"start":{"line":131,"column":28},"end":{"line":131,"column":29}},"loc":{"start":{"line":131,"column":60},"end":{"line":136,"column":3}},"line":131},"2":{"name":"(anonymous_2)","decl":{"start":{"line":143,"column":12},"end":{"line":143,"column":13}},"loc":{"start":{"line":143,"column":18},"end":{"line":149,"column":3}},"line":143},"3":{"name":"(anonymous_3)","decl":{"start":{"line":151,"column":36},"end":{"line":151,"column":37}},"loc":{"start":{"line":151,"column":60},"end":{"line":156,"column":3}},"line":151},"4":{"name":"(anonymous_4)","decl":{"start":{"line":158,"column":12},"end":{"line":158,"column":13}},"loc":{"start":{"line":158,"column":18},"end":{"line":173,"column":3}},"line":158},"5":{"name":"(anonymous_5)","decl":{"start":{"line":167,"column":11},"end":{"line":167,"column":12}},"loc":{"start":{"line":167,"column":17},"end":{"line":172,"column":5}},"line":167},"6":{"name":"(anonymous_6)","decl":{"start":{"line":175,"column":12},"end":{"line":175,"column":13}},"loc":{"start":{"line":175,"column":18},"end":{"line":184,"column":3}},"line":175},"7":{"name":"(anonymous_7)","decl":{"start":{"line":186,"column":22},"end":{"line":186,"column":23}},"loc":{"start":{"line":186,"column":28},"end":{"line":192,"column":3}},"line":186},"8":{"name":"(anonymous_8)","decl":{"start":{"line":194,"column":22},"end":{"line":194,"column":23}},"loc":{"start":{"line":194,"column":28},"end":{"line":196,"column":3}},"line":194}},"branchMap":{"0":{"loc":{"start":{"line":85,"column":2},"end":{"line":85,"column":18}},"type":"default-arg","locations":[{"start":{"line":85,"column":13},"end":{"line":85,"column":18}}],"line":85},"1":{"loc":{"start":{"line":86,"column":2},"end":{"line":86,"column":62}},"type":"default-arg","locations":[{"start":{"line":86,"column":32},"end":{"line":86,"column":62}}],"line":86},"2":{"loc":{"start":{"line":87,"column":2},"end":{"line":87,"column":73}},"type":"default-arg","locations":[{"start":{"line":87,"column":37},"end":{"line":87,"column":73}}],"line":87},"3":{"loc":{"start":{"line":88,"column":2},"end":{"line":88,"column":65}},"type":"default-arg","locations":[{"start":{"line":88,"column":33},"end":{"line":88,"column":65}}],"line":88},"4":{"loc":{"start":{"line":89,"column":2},"end":{"line":89,"column":27}},"type":"default-arg","locations":[{"start":{"line":89,"column":22},"end":{"line":89,"column":27}}],"line":89},"5":{"loc":{"start":{"line":91,"column":2},"end":{"line":91,"column":68}},"type":"default-arg","locations":[{"start":{"line":91,"column":42},"end":{"line":91,"column":68}}],"line":91},"6":{"loc":{"start":{"line":94,"column":2},"end":{"line":94,"column":25}},"type":"default-arg","locations":[{"start":{"line":94,"column":11},"end":{"line":94,"column":25}}],"line":94},"7":{"loc":{"start":{"line":98,"column":2},"end":{"line":98,"column":45}},"type":"default-arg","locations":[{"start":{"line":98,"column":24},"end":{"line":98,"column":45}}],"line":98},"8":{"loc":{"start":{"line":99,"column":2},"end":{"line":99,"column":37}},"type":"default-arg","locations":[{"start":{"line":99,"column":20},"end":{"line":99,"column":37}}],"line":99},"9":{"loc":{"start":{"line":100,"column":2},"end":{"line":100,"column":54}},"type":"default-arg","locations":[{"start":{"line":100,"column":28},"end":{"line":100,"column":54}}],"line":100},"10":{"loc":{"start":{"line":101,"column":2},"end":{"line":101,"column":46}},"type":"default-arg","locations":[{"start":{"line":101,"column":24},"end":{"line":101,"column":46}}],"line":101},"11":{"loc":{"start":{"line":105,"column":2},"end":{"line":105,"column":49}},"type":"default-arg","locations":[{"start":{"line":105,"column":26},"end":{"line":105,"column":49}}],"line":105},"12":{"loc":{"start":{"line":106,"column":2},"end":{"line":106,"column":56}},"type":"default-arg","locations":[{"start":{"line":106,"column":29},"end":{"line":106,"column":56}}],"line":106},"13":{"loc":{"start":{"line":107,"column":2},"end":{"line":107,"column":48}},"type":"default-arg","locations":[{"start":{"line":107,"column":25},"end":{"line":107,"column":48}}],"line":107},"14":{"loc":{"start":{"line":110,"column":2},"end":{"line":110,"column":22}},"type":"default-arg","locations":[{"start":{"line":110,"column":20},"end":{"line":110,"column":22}}],"line":110},"15":{"loc":{"start":{"line":112,"column":2},"end":{"line":112,"column":23}},"type":"default-arg","locations":[{"start":{"line":112,"column":10},"end":{"line":112,"column":23}}],"line":112},"16":{"loc":{"start":{"line":113,"column":2},"end":{"line":113,"column":26}},"type":"default-arg","locations":[{"start":{"line":113,"column":15},"end":{"line":113,"column":26}}],"line":113},"17":{"loc":{"start":{"line":114,"column":2},"end":{"line":114,"column":41}},"type":"default-arg","locations":[{"start":{"line":114,"column":18},"end":{"line":114,"column":41}}],"line":114},"18":{"loc":{"start":{"line":116,"column":2},"end":{"line":116,"column":41}},"type":"default-arg","locations":[{"start":{"line":116,"column":18},"end":{"line":116,"column":41}}],"line":116},"19":{"loc":{"start":{"line":117,"column":2},"end":{"line":117,"column":18}},"type":"default-arg","locations":[{"start":{"line":117,"column":16},"end":{"line":117,"column":18}}],"line":117},"20":{"loc":{"start":{"line":132,"column":4},"end":{"line":134,"column":5}},"type":"if","locations":[{"start":{"line":132,"column":4},"end":{"line":134,"column":5}},{"start":{},"end":{}}],"line":132},"21":{"loc":{"start":{"line":132,"column":8},"end":{"line":132,"column":35}},"type":"binary-expr","locations":[{"start":{"line":132,"column":8},"end":{"line":132,"column":20}},{"start":{"line":132,"column":24},"end":{"line":132,"column":35}}],"line":132},"22":{"loc":{"start":{"line":144,"column":4},"end":{"line":148,"column":5}},"type":"if","locations":[{"start":{"line":144,"column":4},"end":{"line":148,"column":5}},{"start":{"line":146,"column":11},"end":{"line":148,"column":5}}],"line":144},"23":{"loc":{"start":{"line":144,"column":8},"end":{"line":144,"column":39}},"type":"binary-expr","locations":[{"start":{"line":144,"column":8},"end":{"line":144,"column":16}},{"start":{"line":144,"column":20},"end":{"line":144,"column":39}}],"line":144},"24":{"loc":{"start":{"line":152,"column":4},"end":{"line":154,"column":5}},"type":"if","locations":[{"start":{"line":152,"column":4},"end":{"line":154,"column":5}},{"start":{},"end":{}}],"line":152},"25":{"loc":{"start":{"line":152,"column":8},"end":{"line":152,"column":57}},"type":"binary-expr","locations":[{"start":{"line":152,"column":8},"end":{"line":152,"column":20}},{"start":{"line":152,"column":24},"end":{"line":152,"column":57}}],"line":152},"26":{"loc":{"start":{"line":169,"column":6},"end":{"line":171,"column":7}},"type":"if","locations":[{"start":{"line":169,"column":6},"end":{"line":171,"column":7}},{"start":{},"end":{}}],"line":169},"27":{"loc":{"start":{"line":177,"column":4},"end":{"line":183,"column":5}},"type":"if","locations":[{"start":{"line":177,"column":4},"end":{"line":183,"column":5}},{"start":{"line":179,"column":11},"end":{"line":183,"column":5}}],"line":177},"28":{"loc":{"start":{"line":179,"column":11},"end":{"line":183,"column":5}},"type":"if","locations":[{"start":{"line":179,"column":11},"end":{"line":183,"column":5}},{"start":{"line":181,"column":11},"end":{"line":183,"column":5}}],"line":179},"29":{"loc":{"start":{"line":187,"column":4},"end":{"line":187,"column":25}},"type":"if","locations":[{"start":{"line":187,"column":4},"end":{"line":187,"column":25}},{"start":{},"end":{}}],"line":187},"30":{"loc":{"start":{"line":188,"column":4},"end":{"line":191,"column":5}},"type":"if","locations":[{"start":{"line":188,"column":4},"end":{"line":191,"column":5}},{"start":{},"end":{}}],"line":188},"31":{"loc":{"start":{"line":190,"column":6},"end":{"line":190,"column":45}},"type":"binary-expr","locations":[{"start":{"line":190,"column":6},"end":{"line":190,"column":20}},{"start":{"line":190,"column":24},"end":{"line":190,"column":45}}],"line":190},"32":{"loc":{"start":{"line":199,"column":21},"end":{"line":201,"column":27}},"type":"cond-expr","locations":[{"start":{"line":200,"column":8},"end":{"line":200,"column":35}},{"start":{"line":201,"column":8},"end":{"line":201,"column":27}}],"line":199},"33":{"loc":{"start":{"line":203,"column":8},"end":{"line":203,"column":30}},"type":"cond-expr","locations":[{"start":{"line":203,"column":16},"end":{"line":203,"column":25}},{"start":{"line":203,"column":28},"end":{"line":203,"column":30}}],"line":203},"34":{"loc":{"start":{"line":213,"column":21},"end":{"line":213,"column":39}},"type":"cond-expr","locations":[{"start":{"line":213,"column":32},"end":{"line":213,"column":33}},{"start":{"line":213,"column":36},"end":{"line":213,"column":39}}],"line":213},"35":{"loc":{"start":{"line":235,"column":7},"end":{"line":266,"column":7}},"type":"binary-expr","locations":[{"start":{"line":235,"column":7},"end":{"line":235,"column":22}},{"start":{"line":236,"column":8},"end":{"line":265,"column":10}}],"line":235}},"s":{"0":2,"1":44,"2":44,"3":44,"4":44,"5":44,"6":44,"7":14,"8":0,"9":14,"10":44,"11":14,"12":0,"13":14,"14":44,"15":29,"16":29,"17":0,"18":44,"19":29,"20":29,"21":29,"22":29,"23":29,"24":29,"25":29,"26":44,"27":14,"28":1,"29":13,"30":0,"31":13,"32":44,"33":0,"34":0,"35":0,"36":0,"37":44,"38":0,"39":44,"40":44},"f":{"0":44,"1":14,"2":14,"3":29,"4":29,"5":29,"6":14,"7":0,"8":0},"b":{"0":[39],"1":[44],"2":[44],"3":[44],"4":[44],"5":[44],"6":[41],"7":[41],"8":[41],"9":[41],"10":[41],"11":[44],"12":[41],"13":[41],"14":[41],"15":[38],"16":[41],"17":[41],"18":[41],"19":[41],"20":[0,14],"21":[14,14],"22":[0,14],"23":[14,1],"24":[29,0],"25":[29,29],"26":[29,0],"27":[1,13],"28":[0,13],"29":[0,0],"30":[0,0],"31":[0,0],"32":[5,39],"33":[3,41],"34":[5,39],"35":[44,28]},"_coverageSchema":"1a1c01bbd47fc00a2c39e90264f33305004495a9","hash":"c73c5232d83a0e07f812c921ed8a8128f6f0d4c4"}
,"/Users/uday-kybing/work/RNSwipeButton/src/components/SwipeButton/styles.tsx": {"path":"/Users/uday-kybing/work/RNSwipeButton/src/components/SwipeButton/styles.tsx","statementMap":{"0":{"start":{"line":3,"column":15},"end":{"line":14,"column":2}}},"fnMap":{},"branchMap":{},"s":{"0":2},"f":{},"b":{},"_coverageSchema":"1a1c01bbd47fc00a2c39e90264f33305004495a9","hash":"c213dd9d30069f9b953504481f1ba98bf9759df2"}
,"/Users/uday-kybing/work/RNSwipeButton/src/components/SwipeThumb/index.tsx": {"path":"/Users/uday-kybing/work/RNSwipeButton/src/components/SwipeThumb/index.tsx","statementMap":{"0":{"start":{"line":29,"column":42},"end":{"line":29,"column":46}},"1":{"start":{"line":60,"column":46},"end":{"line":307,"column":1}},"2":{"start":{"line":88,"column":6},"end":{"line":88,"column":11}},"3":{"start":{"line":90,"column":34},"end":{"line":90,"column":58}},"4":{"start":{"line":91,"column":30},"end":{"line":91,"column":31}},"5":{"start":{"line":92,"column":2},"end":{"line":96,"column":3}},"6":{"start":{"line":93,"column":4},"end":{"line":93,"column":44}},"7":{"start":{"line":94,"column":9},"end":{"line":96,"column":3}},"8":{"start":{"line":95,"column":4},"end":{"line":95,"column":43}},"9":{"start":{"line":97,"column":19},"end":{"line":97,"column":56}},"10":{"start":{"line":98,"column":16},"end":{"line":98,"column":33}},"11":{"start":{"line":100,"column":24},"end":{"line":102,"column":11}},"12":{"start":{"line":103,"column":42},"end":{"line":103,"column":73}},"13":{"start":{"line":104,"column":45},"end":{"line":104,"column":60}},"14":{"start":{"line":106,"column":48},"end":{"line":106,"column":75}},"15":{"start":{"line":107,"column":40},"end":{"line":107,"column":67}},"16":{"start":{"line":109,"column":23},"end":{"line":121,"column":3}},"17":{"start":{"line":111,"column":56},"end":{"line":111,"column":60}},"18":{"start":{"line":112,"column":63},"end":{"line":112,"column":67}},"19":{"start":{"line":113,"column":55},"end":{"line":113,"column":59}},"20":{"start":{"line":114,"column":62},"end":{"line":114,"column":66}},"21":{"start":{"line":115,"column":56},"end":{"line":115,"column":60}},"22":{"start":{"line":123,"column":2},"end":{"line":129,"column":75}},"23":{"start":{"line":124,"column":4},"end":{"line":128,"column":15}},"24":{"start":{"line":131,"column":2},"end":{"line":133,"column":19}},"25":{"start":{"line":132,"column":4},"end":{"line":132,"column":36}},"26":{"start":{"line":135,"column":2},"end":{"line":137,"column":27}},"27":{"start":{"line":136,"column":4},"end":{"line":136,"column":60}},"28":{"start":{"line":141,"column":4},"end":{"line":141,"column":43}},"29":{"start":{"line":142,"column":4},"end":{"line":142,"column":33}},"30":{"start":{"line":146,"column":4},"end":{"line":149,"column":5}},"31":{"start":{"line":147,"column":6},"end":{"line":147,"column":29}},"32":{"start":{"line":148,"column":6},"end":{"line":148,"column":13}},"33":{"start":{"line":150,"column":4},"end":{"line":150,"column":32}},"34":{"start":{"line":151,"column":4},"end":{"line":151,"column":12}},"35":{"start":{"line":155,"column":4},"end":{"line":157,"column":5}},"36":{"start":{"line":156,"column":6},"end":{"line":156,"column":13}},"37":{"start":{"line":158,"column":4},"end":{"line":158,"column":35}},"38":{"start":{"line":165,"column":4},"end":{"line":167,"column":5}},"39":{"start":{"line":166,"column":6},"end":{"line":166,"column":13}},"40":{"start":{"line":168,"column":30},"end":{"line":168,"column":57}},"41":{"start":{"line":169,"column":26},"end":{"line":169,"column":40}},"42":{"start":{"line":171,"column":6},"end":{"line":172,"column":57}},"43":{"start":{"line":173,"column":4},"end":{"line":188,"column":5}},"44":{"start":{"line":175,"column":6},"end":{"line":175,"column":14}},"45":{"start":{"line":176,"column":11},"end":{"line":188,"column":5}},"46":{"start":{"line":178,"column":6},"end":{"line":178,"column":28}},"47":{"start":{"line":179,"column":6},"end":{"line":179,"column":32}},"48":{"start":{"line":181,"column":6},"end":{"line":181,"column":28}},"49":{"start":{"line":182,"column":6},"end":{"line":186,"column":17}},"50":{"start":{"line":187,"column":6},"end":{"line":187,"column":32}},"51":{"start":{"line":195,"column":4},"end":{"line":197,"column":5}},"52":{"start":{"line":196,"column":6},"end":{"line":196,"column":13}},"53":{"start":{"line":198,"column":22},"end":{"line":200,"column":31}},"54":{"start":{"line":201,"column":30},"end":{"line":201,"column":57}},"55":{"start":{"line":202,"column":26},"end":{"line":202,"column":40}},"56":{"start":{"line":204,"column":6},"end":{"line":205,"column":57}},"57":{"start":{"line":206,"column":34},"end":{"line":206,"column":62}},"58":{"start":{"line":207,"column":4},"end":{"line":209,"column":45}},"59":{"start":{"line":213,"column":4},"end":{"line":215,"column":5}},"60":{"start":{"line":214,"column":6},"end":{"line":214,"column":50}},"61":{"start":{"line":216,"column":4},"end":{"line":218,"column":5}},"62":{"start":{"line":217,"column":6},"end":{"line":217,"column":42}},"63":{"start":{"line":223,"column":4},"end":{"line":223,"column":30}},"64":{"start":{"line":224,"column":4},"end":{"line":224,"column":32}},"65":{"start":{"line":228,"column":6},"end":{"line":231,"column":44}},"66":{"start":{"line":232,"column":4},"end":{"line":234,"column":19}},"67":{"start":{"line":233,"column":6},"end":{"line":233,"column":41}},"68":{"start":{"line":238,"column":4},"end":{"line":238,"column":36}},"69":{"start":{"line":239,"column":4},"end":{"line":239,"column":54}},"70":{"start":{"line":243,"column":4},"end":{"line":243,"column":24}},"71":{"start":{"line":244,"column":4},"end":{"line":244,"column":43}},"72":{"start":{"line":248,"column":4},"end":{"line":248,"column":30}},"73":{"start":{"line":249,"column":4},"end":{"line":249,"column":31}},"74":{"start":{"line":253,"column":20},"end":{"line":253,"column":21}},"75":{"start":{"line":254,"column":4},"end":{"line":258,"column":5}},"76":{"start":{"line":255,"column":6},"end":{"line":255,"column":34}},"77":{"start":{"line":256,"column":11},"end":{"line":258,"column":5}},"78":{"start":{"line":257,"column":6},"end":{"line":257,"column":33}},"79":{"start":{"line":259,"column":37},"end":{"line":270,"column":5}},"80":{"start":{"line":272,"column":4},"end":{"line":286,"column":6}},"81":{"start":{"line":289,"column":19},"end":{"line":295,"column":3}},"82":{"start":{"line":297,"column":2},"end":{"line":306,"column":4}}},"fnMap":{"0":{"name":"(anonymous_0)","decl":{"start":{"line":60,"column":46},"end":{"line":60,"column":47}},"loc":{"start":{"line":60,"column":57},"end":{"line":307,"column":1}},"line":60},"1":{"name":"(anonymous_1)","decl":{"start":{"line":111,"column":36},"end":{"line":111,"column":37}},"loc":{"start":{"line":111,"column":56},"end":{"line":111,"column":60}},"line":111},"2":{"name":"(anonymous_2)","decl":{"start":{"line":112,"column":43},"end":{"line":112,"column":44}},"loc":{"start":{"line":112,"column":63},"end":{"line":112,"column":67}},"line":112},"3":{"name":"(anonymous_3)","decl":{"start":{"line":113,"column":35},"end":{"line":113,"column":36}},"loc":{"start":{"line":113,"column":55},"end":{"line":113,"column":59}},"line":113},"4":{"name":"(anonymous_4)","decl":{"start":{"line":114,"column":42},"end":{"line":114,"column":43}},"loc":{"start":{"line":114,"column":62},"end":{"line":114,"column":66}},"line":114},"5":{"name":"(anonymous_5)","decl":{"start":{"line":115,"column":36},"end":{"line":115,"column":37}},"loc":{"start":{"line":115,"column":56},"end":{"line":115,"column":60}},"line":115},"6":{"name":"(anonymous_6)","decl":{"start":{"line":123,"column":12},"end":{"line":123,"column":13}},"loc":{"start":{"line":123,"column":18},"end":{"line":129,"column":3}},"line":123},"7":{"name":"(anonymous_7)","decl":{"start":{"line":131,"column":12},"end":{"line":131,"column":13}},"loc":{"start":{"line":131,"column":18},"end":{"line":133,"column":3}},"line":131},"8":{"name":"(anonymous_8)","decl":{"start":{"line":135,"column":12},"end":{"line":135,"column":13}},"loc":{"start":{"line":135,"column":18},"end":{"line":137,"column":3}},"line":135},"9":{"name":"onSwipeNotMetSuccessThreshold","decl":{"start":{"line":139,"column":11},"end":{"line":139,"column":40}},"loc":{"start":{"line":139,"column":43},"end":{"line":143,"column":3}},"line":139},"10":{"name":"onSwipeMetSuccessThreshold","decl":{"start":{"line":145,"column":11},"end":{"line":145,"column":37}},"loc":{"start":{"line":145,"column":56},"end":{"line":152,"column":3}},"line":145},"11":{"name":"onPanResponderStart","decl":{"start":{"line":154,"column":11},"end":{"line":154,"column":30}},"loc":{"start":{"line":154,"column":33},"end":{"line":159,"column":3}},"line":154},"12":{"name":"onPanResponderMove","decl":{"start":{"line":161,"column":17},"end":{"line":161,"column":35}},"loc":{"start":{"line":164,"column":4},"end":{"line":189,"column":3}},"line":164},"13":{"name":"onPanResponderRelease","decl":{"start":{"line":191,"column":11},"end":{"line":191,"column":32}},"loc":{"start":{"line":194,"column":4},"end":{"line":210,"column":3}},"line":194},"14":{"name":"setBackgroundColors","decl":{"start":{"line":212,"column":11},"end":{"line":212,"column":30}},"loc":{"start":{"line":212,"column":33},"end":{"line":219,"column":3}},"line":212},"15":{"name":"finishRemainingSwipe","decl":{"start":{"line":221,"column":11},"end":{"line":221,"column":31}},"loc":{"start":{"line":221,"column":34},"end":{"line":235,"column":3}},"line":221},"16":{"name":"(anonymous_16)","decl":{"start":{"line":232,"column":15},"end":{"line":232,"column":16}},"loc":{"start":{"line":232,"column":21},"end":{"line":234,"column":5}},"line":232},"17":{"name":"invokeOnSwipeSuccess","decl":{"start":{"line":237,"column":11},"end":{"line":237,"column":31}},"loc":{"start":{"line":237,"column":58},"end":{"line":240,"column":3}},"line":237},"18":{"name":"reset","decl":{"start":{"line":242,"column":11},"end":{"line":242,"column":16}},"loc":{"start":{"line":242,"column":19},"end":{"line":245,"column":3}},"line":242},"19":{"name":"forceComplete","decl":{"start":{"line":247,"column":11},"end":{"line":247,"column":24}},"loc":{"start":{"line":247,"column":27},"end":{"line":250,"column":3}},"line":247},"20":{"name":"renderThumbIcon","decl":{"start":{"line":252,"column":11},"end":{"line":252,"column":26}},"loc":{"start":{"line":252,"column":29},"end":{"line":287,"column":3}},"line":252}},"branchMap":{"0":{"loc":{"start":{"line":62,"column":4},"end":{"line":62,"column":20}},"type":"default-arg","locations":[{"start":{"line":62,"column":15},"end":{"line":62,"column":20}}],"line":62},"1":{"loc":{"start":{"line":63,"column":4},"end":{"line":63,"column":29}},"type":"default-arg","locations":[{"start":{"line":63,"column":24},"end":{"line":63,"column":29}}],"line":63},"2":{"loc":{"start":{"line":67,"column":4},"end":{"line":67,"column":70}},"type":"default-arg","locations":[{"start":{"line":67,"column":44},"end":{"line":67,"column":70}}],"line":67},"3":{"loc":{"start":{"line":70,"column":4},"end":{"line":70,"column":19}},"type":"default-arg","locations":[{"start":{"line":70,"column":18},"end":{"line":70,"column":19}}],"line":70},"4":{"loc":{"start":{"line":85,"column":4},"end":{"line":85,"column":24}},"type":"default-arg","locations":[{"start":{"line":85,"column":22},"end":{"line":85,"column":24}}],"line":85},"5":{"loc":{"start":{"line":87,"column":4},"end":{"line":87,"column":31}},"type":"default-arg","locations":[{"start":{"line":87,"column":26},"end":{"line":87,"column":31}}],"line":87},"6":{"loc":{"start":{"line":92,"column":2},"end":{"line":96,"column":3}},"type":"if","locations":[{"start":{"line":92,"column":2},"end":{"line":96,"column":3}},{"start":{"line":94,"column":9},"end":{"line":96,"column":3}}],"line":92},"7":{"loc":{"start":{"line":92,"column":6},"end":{"line":92,"column":65}},"type":"binary-expr","locations":[{"start":{"line":92,"column":6},"end":{"line":92,"column":33}},{"start":{"line":92,"column":37},"end":{"line":92,"column":65}}],"line":92},"8":{"loc":{"start":{"line":94,"column":9},"end":{"line":96,"column":3}},"type":"if","locations":[{"start":{"line":94,"column":9},"end":{"line":96,"column":3}},{"start":{},"end":{}}],"line":94},"9":{"loc":{"start":{"line":132,"column":4},"end":{"line":132,"column":35}},"type":"binary-expr","locations":[{"start":{"line":132,"column":4},"end":{"line":132,"column":14}},{"start":{"line":132,"column":18},"end":{"line":132,"column":35}}],"line":132},"10":{"loc":{"start":{"line":136,"column":4},"end":{"line":136,"column":59}},"type":"binary-expr","locations":[{"start":{"line":136,"column":4},"end":{"line":136,"column":22}},{"start":{"line":136,"column":26},"end":{"line":136,"column":59}}],"line":136},"11":{"loc":{"start":{"line":142,"column":4},"end":{"line":142,"column":32}},"type":"binary-expr","locations":[{"start":{"line":142,"column":4},"end":{"line":142,"column":15}},{"start":{"line":142,"column":19},"end":{"line":142,"column":32}}],"line":142},"12":{"loc":{"start":{"line":146,"column":4},"end":{"line":149,"column":5}},"type":"if","locations":[{"start":{"line":146,"column":4},"end":{"line":149,"column":5}},{"start":{},"end":{}}],"line":146},"13":{"loc":{"start":{"line":155,"column":4},"end":{"line":157,"column":5}},"type":"if","locations":[{"start":{"line":155,"column":4},"end":{"line":157,"column":5}},{"start":{},"end":{}}],"line":155},"14":{"loc":{"start":{"line":158,"column":4},"end":{"line":158,"column":34}},"type":"binary-expr","locations":[{"start":{"line":158,"column":4},"end":{"line":158,"column":16}},{"start":{"line":158,"column":20},"end":{"line":158,"column":34}}],"line":158},"15":{"loc":{"start":{"line":165,"column":4},"end":{"line":167,"column":5}},"type":"if","locations":[{"start":{"line":165,"column":4},"end":{"line":167,"column":5}},{"start":{},"end":{}}],"line":165},"16":{"loc":{"start":{"line":165,"column":8},"end":{"line":165,"column":39}},"type":"binary-expr","locations":[{"start":{"line":165,"column":8},"end":{"line":165,"column":16}},{"start":{"line":165,"column":20},"end":{"line":165,"column":39}}],"line":165},"17":{"loc":{"start":{"line":168,"column":30},"end":{"line":168,"column":57}},"type":"cond-expr","locations":[{"start":{"line":168,"column":51},"end":{"line":168,"column":53}},{"start":{"line":168,"column":56},"end":{"line":168,"column":57}}],"line":168},"18":{"loc":{"start":{"line":169,"column":26},"end":{"line":169,"column":40}},"type":"cond-expr","locations":[{"start":{"line":169,"column":34},"end":{"line":169,"column":36}},{"start":{"line":169,"column":39},"end":{"line":169,"column":40}}],"line":169},"19":{"loc":{"start":{"line":173,"column":4},"end":{"line":188,"column":5}},"type":"if","locations":[{"start":{"line":173,"column":4},"end":{"line":188,"column":5}},{"start":{"line":176,"column":11},"end":{"line":188,"column":5}}],"line":173},"20":{"loc":{"start":{"line":176,"column":11},"end":{"line":188,"column":5}},"type":"if","locations":[{"start":{"line":176,"column":11},"end":{"line":188,"column":5}},{"start":{"line":180,"column":11},"end":{"line":188,"column":5}}],"line":176},"21":{"loc":{"start":{"line":195,"column":4},"end":{"line":197,"column":5}},"type":"if","locations":[{"start":{"line":195,"column":4},"end":{"line":197,"column":5}},{"start":{},"end":{}}],"line":195},"22":{"loc":{"start":{"line":198,"column":22},"end":{"line":200,"column":31}},"type":"cond-expr","locations":[{"start":{"line":199,"column":8},"end":{"line":199,"column":29}},{"start":{"line":200,"column":8},"end":{"line":200,"column":31}}],"line":198},"23":{"loc":{"start":{"line":201,"column":30},"end":{"line":201,"column":57}},"type":"cond-expr","locations":[{"start":{"line":201,"column":51},"end":{"line":201,"column":53}},{"start":{"line":201,"column":56},"end":{"line":201,"column":57}}],"line":201},"24":{"loc":{"start":{"line":202,"column":26},"end":{"line":202,"column":40}},"type":"cond-expr","locations":[{"start":{"line":202,"column":34},"end":{"line":202,"column":36}},{"start":{"line":202,"column":39},"end":{"line":202,"column":40}}],"line":202},"25":{"loc":{"start":{"line":207,"column":4},"end":{"line":209,"column":44}},"type":"cond-expr","locations":[{"start":{"line":208,"column":8},"end":{"line":208,"column":39}},{"start":{"line":209,"column":8},"end":{"line":209,"column":44}}],"line":207},"26":{"loc":{"start":{"line":213,"column":4},"end":{"line":215,"column":5}},"type":"if","locations":[{"start":{"line":213,"column":4},"end":{"line":215,"column":5}},{"start":{},"end":{}}],"line":213},"27":{"loc":{"start":{"line":216,"column":4},"end":{"line":218,"column":5}},"type":"if","locations":[{"start":{"line":216,"column":4},"end":{"line":218,"column":5}},{"start":{},"end":{}}],"line":216},"28":{"loc":{"start":{"line":229,"column":7},"end":{"line":231,"column":43}},"type":"cond-expr","locations":[{"start":{"line":230,"column":10},"end":{"line":230,"column":36}},{"start":{"line":231,"column":10},"end":{"line":231,"column":43}}],"line":229},"29":{"loc":{"start":{"line":233,"column":6},"end":{"line":233,"column":40}},"type":"binary-expr","locations":[{"start":{"line":233,"column":6},"end":{"line":233,"column":29}},{"start":{"line":233,"column":33},"end":{"line":233,"column":40}}],"line":233},"30":{"loc":{"start":{"line":239,"column":4},"end":{"line":239,"column":53}},"type":"binary-expr","locations":[{"start":{"line":239,"column":4},"end":{"line":239,"column":18}},{"start":{"line":239,"column":22},"end":{"line":239,"column":53}}],"line":239},"31":{"loc":{"start":{"line":254,"column":4},"end":{"line":258,"column":5}},"type":"if","locations":[{"start":{"line":254,"column":4},"end":{"line":258,"column":5}},{"start":{"line":256,"column":11},"end":{"line":258,"column":5}}],"line":254},"32":{"loc":{"start":{"line":254,"column":8},"end":{"line":254,"column":67}},"type":"binary-expr","locations":[{"start":{"line":254,"column":8},"end":{"line":254,"column":35}},{"start":{"line":254,"column":39},"end":{"line":254,"column":67}}],"line":254},"33":{"loc":{"start":{"line":256,"column":11},"end":{"line":258,"column":5}},"type":"if","locations":[{"start":{"line":256,"column":11},"end":{"line":258,"column":5}},{"start":{},"end":{}}],"line":256},"34":{"loc":{"start":{"line":263,"column":23},"end":{"line":265,"column":34}},"type":"cond-expr","locations":[{"start":{"line":264,"column":10},"end":{"line":264,"column":42}},{"start":{"line":265,"column":10},"end":{"line":265,"column":34}}],"line":263},"35":{"loc":{"start":{"line":266,"column":19},"end":{"line":268,"column":30}},"type":"cond-expr","locations":[{"start":{"line":267,"column":10},"end":{"line":267,"column":38}},{"start":{"line":268,"column":10},"end":{"line":268,"column":30}}],"line":266},"36":{"loc":{"start":{"line":277,"column":9},"end":{"line":279,"column":9}},"type":"binary-expr","locations":[{"start":{"line":277,"column":9},"end":{"line":277,"column":28}},{"start":{"line":277,"column":32},"end":{"line":277,"column":52}},{"start":{"line":278,"column":10},"end":{"line":278,"column":71}}],"line":277},"37":{"loc":{"start":{"line":280,"column":9},"end":{"line":284,"column":9}},"type":"binary-expr","locations":[{"start":{"line":280,"column":9},"end":{"line":280,"column":27}},{"start":{"line":281,"column":10},"end":{"line":283,"column":17}}],"line":280},"38":{"loc":{"start":{"line":293,"column":8},"end":{"line":293,"column":67}},"type":"cond-expr","locations":[{"start":{"line":293,"column":29},"end":{"line":293,"column":48}},{"start":{"line":293,"column":51},"end":{"line":293,"column":67}}],"line":293},"39":{"loc":{"start":{"line":301,"column":21},"end":{"line":301,"column":57}},"type":"cond-expr","locations":[{"start":{"line":301,"column":42},"end":{"line":301,"column":48}},{"start":{"line":301,"column":51},"end":{"line":301,"column":57}}],"line":301}},"s":{"0":3,"1":3,"2":19,"3":17,"4":17,"5":17,"6":16,"7":1,"8":1,"9":17,"10":17,"11":17,"12":17,"13":17,"14":17,"15":17,"16":17,"17":0,"18":0,"19":0,"20":0,"21":0,"22":17,"23":16,"24":17,"25":15,"26":17,"27":15,"28":0,"29":0,"30":0,"31":0,"32":0,"33":0,"34":0,"35":0,"36":0,"37":0,"38":0,"39":0,"40":0,"41":0,"42":0,"43":0,"44":0,"45":0,"46":0,"47":0,"48":0,"49":0,"50":0,"51":0,"52":0,"53":0,"54":0,"55":0,"56":0,"57":0,"58":0,"59":0,"60":0,"61":0,"62":0,"63":0,"64":0,"65":0,"66":0,"67":0,"68":1,"69":1,"70":0,"71":0,"72":1,"73":1,"74":17,"75":17,"76":16,"77":1,"78":1,"79":17,"80":17,"81":17,"82":17},"f":{"0":19,"1":0,"2":0,"3":0,"4":0,"5":0,"6":16,"7":15,"8":15,"9":0,"10":0,"11":0,"12":0,"13":0,"14":0,"15":0,"16":0,"17":1,"18":0,"19":1,"20":17},"b":{"0":[1],"1":[1],"2":[1],"3":[0],"4":[1],"5":[1],"6":[16,1],"7":[17,16],"8":[1,0],"9":[15,1],"10":[15,1],"11":[0,0],"12":[0,0],"13":[0,0],"14":[0,0],"15":[0,0],"16":[0,0],"17":[0,0],"18":[0,0],"19":[0,0],"20":[0,0],"21":[0,0],"22":[0,0],"23":[0,0],"24":[0,0],"25":[0,0],"26":[0,0],"27":[0,0],"28":[0,0],"29":[0,0],"30":[1,1],"31":[16,1],"32":[17,16],"33":[1,0],"34":[1,16],"35":[1,16],"36":[17,16,0],"37":[17,1],"38":[0,17],"39":[0,17]},"_coverageSchema":"1a1c01bbd47fc00a2c39e90264f33305004495a9","hash":"74572edbe0a2ca30ca1ca2dd41a00a6e34fcce65"}
,"/Users/uday-kybing/work/RNSwipeButton/src/components/SwipeThumb/styles.tsx": {"path":"/Users/uday-kybing/work/RNSwipeButton/src/components/SwipeThumb/styles.tsx","statementMap":{"0":{"start":{"line":3,"column":20},"end":{"line":3,"column":21}},"1":{"start":{"line":4,"column":15},"end":{"line":4,"column":16}},"2":{"start":{"line":5,"column":27},"end":{"line":5,"column":30}},"3":{"start":{"line":6,"column":15},"end":{"line":30,"column":2}}},"fnMap":{},"branchMap":{},"s":{"0":3,"1":3,"2":3,"3":3},"f":{},"b":{},"_coverageSchema":"1a1c01bbd47fc00a2c39e90264f33305004495a9","hash":"944246f8d61e944b5eb0c6d05da8c1b25058b92f"}
,"/Users/uday-kybing/work/RNSwipeButton/src/constants/index.tsx": {"path":"/Users/uday-kybing/work/RNSwipeButton/src/constants/index.tsx","statementMap":{"0":{"start":{"line":1,"column":27},"end":{"line":1,"column":36}},"1":{"start":{"line":2,"column":33},"end":{"line":2,"column":44}},"2":{"start":{"line":4,"column":33},"end":{"line":4,"column":42}},"3":{"start":{"line":5,"column":37},"end":{"line":5,"column":46}},"4":{"start":{"line":6,"column":46},"end":{"line":6,"column":55}},"5":{"start":{"line":8,"column":38},"end":{"line":8,"column":47}},"6":{"start":{"line":9,"column":42},"end":{"line":9,"column":53}},"7":{"start":{"line":11,"column":39},"end":{"line":11,"column":48}},"8":{"start":{"line":12,"column":43},"end":{"line":12,"column":52}},"9":{"start":{"line":14,"column":48},"end":{"line":14,"column":57}},"10":{"start":{"line":15,"column":52},"end":{"line":15,"column":61}},"11":{"start":{"line":17,"column":39},"end":{"line":17,"column":41}},"12":{"start":{"line":18,"column":42},"end":{"line":18,"column":45}},"13":{"start":{"line":19,"column":30},"end":{"line":19,"column":32}},"14":{"start":{"line":20,"column":29},"end":{"line":20,"column":46}},"15":{"start":{"line":21,"column":39},"end":{"line":21,"column":41}},"16":{"start":{"line":22,"column":39},"end":{"line":22,"column":40}}},"fnMap":{},"branchMap":{},"s":{"0":3,"1":3,"2":3,"3":3,"4":3,"5":3,"6":3,"7":3,"8":3,"9":3,"10":3,"11":3,"12":3,"13":3,"14":3,"15":3,"16":3},"f":{},"b":{},"_coverageSchema":"1a1c01bbd47fc00a2c39e90264f33305004495a9","hash":"d84ac754c96839e960566c00ff4037ffd923ec81"}
}
