{"/Users/uday-kybing/work/RNSwipeButton/src/components/SwipeButton/index.js": {"path":"/Users/uday-kybing/work/RNSwipeButton/src/components/SwipeButton/index.js","statementMap":{"0":{"start":{"line":32,"column":20},"end":{"line":180,"column":1}},"1":{"start":{"line":69,"column":40},"end":{"line":69,"column":51}},"2":{"start":{"line":70,"column":56},"end":{"line":70,"column":71}},"3":{"start":{"line":71,"column":42},"end":{"line":71,"column":57}},"4":{"start":{"line":78,"column":28},"end":{"line":83,"column":3}},"5":{"start":{"line":79,"column":4},"end":{"line":81,"column":5}},"6":{"start":{"line":80,"column":6},"end":{"line":80,"column":13}},"7":{"start":{"line":82,"column":4},"end":{"line":82,"column":47}},"8":{"start":{"line":85,"column":2},"end":{"line":109,"column":42}},"9":{"start":{"line":86,"column":38},"end":{"line":91,"column":5}},"10":{"start":{"line":87,"column":6},"end":{"line":89,"column":7}},"11":{"start":{"line":88,"column":8},"end":{"line":88,"column":15}},"12":{"start":{"line":90,"column":6},"end":{"line":90,"column":40}},"13":{"start":{"line":92,"column":4},"end":{"line":92,"column":27}},"14":{"start":{"line":93,"column":25},"end":{"line":96,"column":5}},"15":{"start":{"line":98,"column":4},"end":{"line":103,"column":7}},"16":{"start":{"line":99,"column":6},"end":{"line":101,"column":7}},"17":{"start":{"line":100,"column":8},"end":{"line":100,"column":15}},"18":{"start":{"line":102,"column":6},"end":{"line":102,"column":40}},"19":{"start":{"line":105,"column":4},"end":{"line":108,"column":6}},"20":{"start":{"line":106,"column":6},"end":{"line":106,"column":28}},"21":{"start":{"line":107,"column":6},"end":{"line":107,"column":28}},"22":{"start":{"line":111,"column":2},"end":{"line":179,"column":4}},"23":{"start":{"line":182,"column":0},"end":{"line":225,"column":2}}},"fnMap":{"0":{"name":"(anonymous_0)","decl":{"start":{"line":32,"column":20},"end":{"line":32,"column":21}},"loc":{"start":{"line":68,"column":6},"end":{"line":180,"column":1}},"line":68},"1":{"name":"(anonymous_1)","decl":{"start":{"line":78,"column":28},"end":{"line":78,"column":29}},"loc":{"start":{"line":78,"column":41},"end":{"line":83,"column":3}},"line":78},"2":{"name":"(anonymous_2)","decl":{"start":{"line":85,"column":12},"end":{"line":85,"column":13}},"loc":{"start":{"line":85,"column":18},"end":{"line":109,"column":3}},"line":85},"3":{"name":"(anonymous_3)","decl":{"start":{"line":86,"column":38},"end":{"line":86,"column":39}},"loc":{"start":{"line":86,"column":53},"end":{"line":91,"column":5}},"line":86},"4":{"name":"(anonymous_4)","decl":{"start":{"line":98,"column":51},"end":{"line":98,"column":52}},"loc":{"start":{"line":98,"column":66},"end":{"line":103,"column":5}},"line":98},"5":{"name":"(anonymous_5)","decl":{"start":{"line":105,"column":11},"end":{"line":105,"column":12}},"loc":{"start":{"line":105,"column":17},"end":{"line":108,"column":5}},"line":105}},"branchMap":{"0":{"loc":{"start":{"line":33,"column":2},"end":{"line":33,"column":22}},"type":"default-arg","locations":[{"start":{"line":33,"column":20},"end":{"line":33,"column":22}}],"line":33},"1":{"loc":{"start":{"line":34,"column":2},"end":{"line":34,"column":18}},"type":"default-arg","locations":[{"start":{"line":34,"column":13},"end":{"line":34,"column":18}}],"line":34},"2":{"loc":{"start":{"line":35,"column":2},"end":{"line":35,"column":62}},"type":"default-arg","locations":[{"start":{"line":35,"column":32},"end":{"line":35,"column":62}}],"line":35},"3":{"loc":{"start":{"line":36,"column":2},"end":{"line":36,"column":73}},"type":"default-arg","locations":[{"start":{"line":36,"column":37},"end":{"line":36,"column":73}}],"line":36},"4":{"loc":{"start":{"line":37,"column":2},"end":{"line":37,"column":65}},"type":"default-arg","locations":[{"start":{"line":37,"column":33},"end":{"line":37,"column":65}}],"line":37},"5":{"loc":{"start":{"line":38,"column":2},"end":{"line":38,"column":27}},"type":"default-arg","locations":[{"start":{"line":38,"column":22},"end":{"line":38,"column":27}}],"line":38},"6":{"loc":{"start":{"line":40,"column":2},"end":{"line":40,"column":45}},"type":"default-arg","locations":[{"start":{"line":40,"column":42},"end":{"line":40,"column":45}}],"line":40},"7":{"loc":{"start":{"line":43,"column":2},"end":{"line":43,"column":13}},"type":"default-arg","locations":[{"start":{"line":43,"column":11},"end":{"line":43,"column":13}}],"line":43},"8":{"loc":{"start":{"line":47,"column":2},"end":{"line":47,"column":45}},"type":"default-arg","locations":[{"start":{"line":47,"column":24},"end":{"line":47,"column":45}}],"line":47},"9":{"loc":{"start":{"line":48,"column":2},"end":{"line":48,"column":37}},"type":"default-arg","locations":[{"start":{"line":48,"column":20},"end":{"line":48,"column":37}}],"line":48},"10":{"loc":{"start":{"line":49,"column":2},"end":{"line":49,"column":54}},"type":"default-arg","locations":[{"start":{"line":49,"column":28},"end":{"line":49,"column":54}}],"line":49},"11":{"loc":{"start":{"line":50,"column":2},"end":{"line":50,"column":46}},"type":"default-arg","locations":[{"start":{"line":50,"column":24},"end":{"line":50,"column":46}}],"line":50},"12":{"loc":{"start":{"line":54,"column":2},"end":{"line":54,"column":49}},"type":"default-arg","locations":[{"start":{"line":54,"column":26},"end":{"line":54,"column":49}}],"line":54},"13":{"loc":{"start":{"line":55,"column":2},"end":{"line":55,"column":56}},"type":"default-arg","locations":[{"start":{"line":55,"column":29},"end":{"line":55,"column":56}}],"line":55},"14":{"loc":{"start":{"line":56,"column":2},"end":{"line":56,"column":48}},"type":"default-arg","locations":[{"start":{"line":56,"column":25},"end":{"line":56,"column":48}}],"line":56},"15":{"loc":{"start":{"line":59,"column":2},"end":{"line":59,"column":22}},"type":"default-arg","locations":[{"start":{"line":59,"column":20},"end":{"line":59,"column":22}}],"line":59},"16":{"loc":{"start":{"line":61,"column":2},"end":{"line":61,"column":27}},"type":"default-arg","locations":[{"start":{"line":61,"column":10},"end":{"line":61,"column":27}}],"line":61},"17":{"loc":{"start":{"line":62,"column":2},"end":{"line":62,"column":26}},"type":"default-arg","locations":[{"start":{"line":62,"column":15},"end":{"line":62,"column":26}}],"line":62},"18":{"loc":{"start":{"line":63,"column":2},"end":{"line":63,"column":20}},"type":"default-arg","locations":[{"start":{"line":63,"column":18},"end":{"line":63,"column":20}}],"line":63},"19":{"loc":{"start":{"line":65,"column":2},"end":{"line":65,"column":19}},"type":"default-arg","locations":[{"start":{"line":65,"column":18},"end":{"line":65,"column":19}}],"line":65},"20":{"loc":{"start":{"line":66,"column":2},"end":{"line":66,"column":18}},"type":"default-arg","locations":[{"start":{"line":66,"column":16},"end":{"line":66,"column":18}}],"line":66},"21":{"loc":{"start":{"line":79,"column":4},"end":{"line":81,"column":5}},"type":"if","locations":[{"start":{"line":79,"column":4},"end":{"line":81,"column":5}},{"start":{},"end":{}}],"line":79},"22":{"loc":{"start":{"line":79,"column":8},"end":{"line":79,"column":35}},"type":"binary-expr","locations":[{"start":{"line":79,"column":8},"end":{"line":79,"column":20}},{"start":{"line":79,"column":24},"end":{"line":79,"column":35}}],"line":79},"23":{"loc":{"start":{"line":87,"column":6},"end":{"line":89,"column":7}},"type":"if","locations":[{"start":{"line":87,"column":6},"end":{"line":89,"column":7}},{"start":{},"end":{}}],"line":87},"24":{"loc":{"start":{"line":87,"column":10},"end":{"line":87,"column":59}},"type":"binary-expr","locations":[{"start":{"line":87,"column":10},"end":{"line":87,"column":22}},{"start":{"line":87,"column":26},"end":{"line":87,"column":59}}],"line":87},"25":{"loc":{"start":{"line":99,"column":6},"end":{"line":101,"column":7}},"type":"if","locations":[{"start":{"line":99,"column":6},"end":{"line":101,"column":7}},{"start":{},"end":{}}],"line":99},"26":{"loc":{"start":{"line":117,"column":27},"end":{"line":119,"column":33}},"type":"cond-expr","locations":[{"start":{"line":118,"column":14},"end":{"line":118,"column":41}},{"start":{"line":119,"column":14},"end":{"line":119,"column":33}}],"line":117},"27":{"loc":{"start":{"line":121,"column":14},"end":{"line":121,"column":36}},"type":"cond-expr","locations":[{"start":{"line":121,"column":22},"end":{"line":121,"column":31}},{"start":{"line":121,"column":34},"end":{"line":121,"column":36}}],"line":121},"28":{"loc":{"start":{"line":132,"column":10},"end":{"line":132,"column":58}},"type":"cond-expr","locations":[{"start":{"line":132,"column":32},"end":{"line":132,"column":53}},{"start":{"line":132,"column":56},"end":{"line":132,"column":58}}],"line":132},"29":{"loc":{"start":{"line":145,"column":7},"end":{"line":177,"column":7}},"type":"binary-expr","locations":[{"start":{"line":145,"column":7},"end":{"line":145,"column":22}},{"start":{"line":146,"column":8},"end":{"line":176,"column":10}}],"line":145}},"s":{"0":2,"1":36,"2":36,"3":36,"4":36,"5":12,"6":0,"7":12,"8":36,"9":12,"10":0,"11":0,"12":0,"13":12,"14":12,"15":12,"16":12,"17":0,"18":12,"19":12,"20":12,"21":12,"22":36,"23":2},"f":{"0":36,"1":12,"2":12,"3":0,"4":12,"5":12},"b":{"0":[33],"1":[33],"2":[36],"3":[36],"4":[36],"5":[36],"6":[36],"7":[33],"8":[33],"9":[33],"10":[33],"11":[33],"12":[36],"13":[33],"14":[33],"15":[33],"16":[36],"17":[33],"18":[33],"19":[33],"20":[33],"21":[0,12],"22":[12,12],"23":[0,0],"24":[0,0],"25":[0,12],"26":[3,33],"27":[3,33],"28":[0,36],"29":[36,24]},"_coverageSchema":"1a1c01bbd47fc00a2c39e90264f33305004495a9","hash":"0dd3d958bde450a885240e9781ee03f1203780c9"}
,"/Users/uday-kybing/work/RNSwipeButton/src/components/SwipeButton/styles.js": {"path":"/Users/uday-kybing/work/RNSwipeButton/src/components/SwipeButton/styles.js","statementMap":{"0":{"start":{"line":3,"column":15},"end":{"line":14,"column":2}}},"fnMap":{},"branchMap":{},"s":{"0":2},"f":{},"b":{},"_coverageSchema":"1a1c01bbd47fc00a2c39e90264f33305004495a9","hash":"6520364399db36b44ef16a89ccf2aecc113800b9"}
,"/Users/uday-kybing/work/RNSwipeButton/src/components/SwipeThumb/index.js": {"path":"/Users/uday-kybing/work/RNSwipeButton/src/components/SwipeThumb/index.js","statementMap":{"0":{"start":{"line":17,"column":35},"end":{"line":17,"column":38}},"1":{"start":{"line":18,"column":42},"end":{"line":18,"column":46}},"2":{"start":{"line":20,"column":19},"end":{"line":280,"column":1}},"3":{"start":{"line":49,"column":6},"end":{"line":49,"column":11}},"4":{"start":{"line":51,"column":34},"end":{"line":51,"column":58}},"5":{"start":{"line":52,"column":30},"end":{"line":52,"column":31}},"6":{"start":{"line":53,"column":2},"end":{"line":57,"column":3}},"7":{"start":{"line":54,"column":4},"end":{"line":54,"column":44}},"8":{"start":{"line":56,"column":4},"end":{"line":56,"column":43}},"9":{"start":{"line":58,"column":19},"end":{"line":58,"column":56}},"10":{"start":{"line":59,"column":16},"end":{"line":59,"column":33}},"11":{"start":{"line":61,"column":24},"end":{"line":63,"column":11}},"12":{"start":{"line":64,"column":42},"end":{"line":64,"column":73}},"13":{"start":{"line":65,"column":45},"end":{"line":65,"column":60}},"14":{"start":{"line":67,"column":48},"end":{"line":67,"column":75}},"15":{"start":{"line":68,"column":40},"end":{"line":68,"column":67}},"16":{"start":{"line":70,"column":23},"end":{"line":82,"column":3}},"17":{"start":{"line":72,"column":42},"end":{"line":72,"column":46}},"18":{"start":{"line":73,"column":49},"end":{"line":73,"column":53}},"19":{"start":{"line":74,"column":41},"end":{"line":74,"column":45}},"20":{"start":{"line":75,"column":48},"end":{"line":75,"column":52}},"21":{"start":{"line":76,"column":42},"end":{"line":76,"column":46}},"22":{"start":{"line":84,"column":2},"end":{"line":90,"column":75}},"23":{"start":{"line":85,"column":4},"end":{"line":89,"column":15}},"24":{"start":{"line":92,"column":2},"end":{"line":94,"column":19}},"25":{"start":{"line":93,"column":4},"end":{"line":93,"column":36}},"26":{"start":{"line":96,"column":2},"end":{"line":98,"column":27}},"27":{"start":{"line":97,"column":4},"end":{"line":97,"column":60}},"28":{"start":{"line":102,"column":4},"end":{"line":102,"column":43}},"29":{"start":{"line":103,"column":4},"end":{"line":103,"column":33}},"30":{"start":{"line":107,"column":4},"end":{"line":110,"column":5}},"31":{"start":{"line":108,"column":6},"end":{"line":108,"column":29}},"32":{"start":{"line":109,"column":6},"end":{"line":109,"column":13}},"33":{"start":{"line":111,"column":4},"end":{"line":111,"column":27}},"34":{"start":{"line":112,"column":4},"end":{"line":112,"column":12}},"35":{"start":{"line":116,"column":4},"end":{"line":118,"column":5}},"36":{"start":{"line":117,"column":6},"end":{"line":117,"column":13}},"37":{"start":{"line":119,"column":4},"end":{"line":119,"column":35}},"38":{"start":{"line":123,"column":4},"end":{"line":125,"column":5}},"39":{"start":{"line":124,"column":6},"end":{"line":124,"column":13}},"40":{"start":{"line":126,"column":30},"end":{"line":126,"column":57}},"41":{"start":{"line":127,"column":26},"end":{"line":127,"column":40}},"42":{"start":{"line":129,"column":6},"end":{"line":130,"column":57}},"43":{"start":{"line":131,"column":4},"end":{"line":146,"column":5}},"44":{"start":{"line":133,"column":6},"end":{"line":133,"column":14}},"45":{"start":{"line":134,"column":11},"end":{"line":146,"column":5}},"46":{"start":{"line":136,"column":6},"end":{"line":136,"column":28}},"47":{"start":{"line":137,"column":6},"end":{"line":137,"column":32}},"48":{"start":{"line":139,"column":6},"end":{"line":139,"column":28}},"49":{"start":{"line":140,"column":6},"end":{"line":144,"column":17}},"50":{"start":{"line":145,"column":6},"end":{"line":145,"column":32}},"51":{"start":{"line":150,"column":4},"end":{"line":152,"column":5}},"52":{"start":{"line":151,"column":6},"end":{"line":151,"column":13}},"53":{"start":{"line":153,"column":30},"end":{"line":153,"column":57}},"54":{"start":{"line":154,"column":26},"end":{"line":154,"column":40}},"55":{"start":{"line":156,"column":6},"end":{"line":157,"column":57}},"56":{"start":{"line":158,"column":34},"end":{"line":158,"column":74}},"57":{"start":{"line":159,"column":4},"end":{"line":161,"column":45}},"58":{"start":{"line":166,"column":4},"end":{"line":169,"column":5}},"59":{"start":{"line":167,"column":6},"end":{"line":167,"column":50}},"60":{"start":{"line":168,"column":6},"end":{"line":168,"column":42}},"61":{"start":{"line":174,"column":4},"end":{"line":174,"column":30}},"62":{"start":{"line":175,"column":4},"end":{"line":175,"column":27}},"63":{"start":{"line":179,"column":6},"end":{"line":182,"column":44}},"64":{"start":{"line":183,"column":4},"end":{"line":185,"column":19}},"65":{"start":{"line":184,"column":6},"end":{"line":184,"column":41}},"66":{"start":{"line":189,"column":4},"end":{"line":189,"column":36}},"67":{"start":{"line":190,"column":4},"end":{"line":190,"column":52}},"68":{"start":{"line":194,"column":4},"end":{"line":194,"column":24}},"69":{"start":{"line":195,"column":4},"end":{"line":195,"column":43}},"70":{"start":{"line":197,"column":4},"end":{"line":200,"column":5}},"71":{"start":{"line":198,"column":6},"end":{"line":198,"column":44}},"72":{"start":{"line":199,"column":6},"end":{"line":199,"column":40}},"73":{"start":{"line":204,"column":4},"end":{"line":204,"column":30}},"74":{"start":{"line":205,"column":4},"end":{"line":205,"column":27}},"75":{"start":{"line":209,"column":20},"end":{"line":209,"column":21}},"76":{"start":{"line":210,"column":4},"end":{"line":214,"column":5}},"77":{"start":{"line":211,"column":6},"end":{"line":211,"column":34}},"78":{"start":{"line":213,"column":6},"end":{"line":213,"column":33}},"79":{"start":{"line":215,"column":26},"end":{"line":226,"column":5}},"80":{"start":{"line":228,"column":4},"end":{"line":242,"column":6}},"81":{"start":{"line":245,"column":19},"end":{"line":251,"column":3}},"82":{"start":{"line":253,"column":2},"end":{"line":279,"column":4}},"83":{"start":{"line":282,"column":0},"end":{"line":317,"column":2}}},"fnMap":{"0":{"name":"(anonymous_0)","decl":{"start":{"line":20,"column":19},"end":{"line":20,"column":20}},"loc":{"start":{"line":20,"column":30},"end":{"line":280,"column":1}},"line":20},"1":{"name":"(anonymous_1)","decl":{"start":{"line":72,"column":36},"end":{"line":72,"column":37}},"loc":{"start":{"line":72,"column":42},"end":{"line":72,"column":46}},"line":72},"2":{"name":"(anonymous_2)","decl":{"start":{"line":73,"column":43},"end":{"line":73,"column":44}},"loc":{"start":{"line":73,"column":49},"end":{"line":73,"column":53}},"line":73},"3":{"name":"(anonymous_3)","decl":{"start":{"line":74,"column":35},"end":{"line":74,"column":36}},"loc":{"start":{"line":74,"column":41},"end":{"line":74,"column":45}},"line":74},"4":{"name":"(anonymous_4)","decl":{"start":{"line":75,"column":42},"end":{"line":75,"column":43}},"loc":{"start":{"line":75,"column":48},"end":{"line":75,"column":52}},"line":75},"5":{"name":"(anonymous_5)","decl":{"start":{"line":76,"column":36},"end":{"line":76,"column":37}},"loc":{"start":{"line":76,"column":42},"end":{"line":76,"column":46}},"line":76},"6":{"name":"(anonymous_6)","decl":{"start":{"line":84,"column":12},"end":{"line":84,"column":13}},"loc":{"start":{"line":84,"column":18},"end":{"line":90,"column":3}},"line":84},"7":{"name":"(anonymous_7)","decl":{"start":{"line":92,"column":12},"end":{"line":92,"column":13}},"loc":{"start":{"line":92,"column":18},"end":{"line":94,"column":3}},"line":92},"8":{"name":"(anonymous_8)","decl":{"start":{"line":96,"column":12},"end":{"line":96,"column":13}},"loc":{"start":{"line":96,"column":18},"end":{"line":98,"column":3}},"line":96},"9":{"name":"onSwipeNotMetSuccessThreshold","decl":{"start":{"line":100,"column":11},"end":{"line":100,"column":40}},"loc":{"start":{"line":100,"column":43},"end":{"line":104,"column":3}},"line":100},"10":{"name":"onSwipeMetSuccessThreshold","decl":{"start":{"line":106,"column":11},"end":{"line":106,"column":37}},"loc":{"start":{"line":106,"column":48},"end":{"line":113,"column":3}},"line":106},"11":{"name":"onPanResponderStart","decl":{"start":{"line":115,"column":11},"end":{"line":115,"column":30}},"loc":{"start":{"line":115,"column":33},"end":{"line":120,"column":3}},"line":115},"12":{"name":"onPanResponderMove","decl":{"start":{"line":122,"column":17},"end":{"line":122,"column":35}},"loc":{"start":{"line":122,"column":53},"end":{"line":147,"column":3}},"line":122},"13":{"name":"onPanResponderRelease","decl":{"start":{"line":149,"column":11},"end":{"line":149,"column":32}},"loc":{"start":{"line":149,"column":50},"end":{"line":162,"column":3}},"line":149},"14":{"name":"setBackgroundColors","decl":{"start":{"line":164,"column":11},"end":{"line":164,"column":30}},"loc":{"start":{"line":164,"column":33},"end":{"line":170,"column":3}},"line":164},"15":{"name":"finishRemainingSwipe","decl":{"start":{"line":172,"column":11},"end":{"line":172,"column":31}},"loc":{"start":{"line":172,"column":34},"end":{"line":186,"column":3}},"line":172},"16":{"name":"(anonymous_16)","decl":{"start":{"line":183,"column":15},"end":{"line":183,"column":16}},"loc":{"start":{"line":183,"column":21},"end":{"line":185,"column":5}},"line":183},"17":{"name":"invokeOnSwipeSuccess","decl":{"start":{"line":188,"column":11},"end":{"line":188,"column":31}},"loc":{"start":{"line":188,"column":47},"end":{"line":191,"column":3}},"line":188},"18":{"name":"reset","decl":{"start":{"line":193,"column":11},"end":{"line":193,"column":16}},"loc":{"start":{"line":193,"column":19},"end":{"line":201,"column":3}},"line":193},"19":{"name":"forceComplete","decl":{"start":{"line":203,"column":11},"end":{"line":203,"column":24}},"loc":{"start":{"line":203,"column":27},"end":{"line":206,"column":3}},"line":203},"20":{"name":"renderThumbIcon","decl":{"start":{"line":208,"column":11},"end":{"line":208,"column":26}},"loc":{"start":{"line":208,"column":29},"end":{"line":243,"column":3}},"line":208}},"branchMap":{"0":{"loc":{"start":{"line":22,"column":4},"end":{"line":22,"column":20}},"type":"default-arg","locations":[{"start":{"line":22,"column":15},"end":{"line":22,"column":20}}],"line":22},"1":{"loc":{"start":{"line":23,"column":4},"end":{"line":23,"column":29}},"type":"default-arg","locations":[{"start":{"line":23,"column":24},"end":{"line":23,"column":29}}],"line":23},"2":{"loc":{"start":{"line":27,"column":4},"end":{"line":27,"column":47}},"type":"default-arg","locations":[{"start":{"line":27,"column":44},"end":{"line":27,"column":47}}],"line":27},"3":{"loc":{"start":{"line":30,"column":4},"end":{"line":30,"column":19}},"type":"default-arg","locations":[{"start":{"line":30,"column":18},"end":{"line":30,"column":19}}],"line":30},"4":{"loc":{"start":{"line":38,"column":4},"end":{"line":38,"column":31}},"type":"default-arg","locations":[{"start":{"line":38,"column":26},"end":{"line":38,"column":31}}],"line":38},"5":{"loc":{"start":{"line":46,"column":4},"end":{"line":46,"column":24}},"type":"default-arg","locations":[{"start":{"line":46,"column":22},"end":{"line":46,"column":24}}],"line":46},"6":{"loc":{"start":{"line":53,"column":2},"end":{"line":57,"column":3}},"type":"if","locations":[{"start":{"line":53,"column":2},"end":{"line":57,"column":3}},{"start":{"line":55,"column":9},"end":{"line":57,"column":3}}],"line":53},"7":{"loc":{"start":{"line":93,"column":4},"end":{"line":93,"column":35}},"type":"binary-expr","locations":[{"start":{"line":93,"column":4},"end":{"line":93,"column":14}},{"start":{"line":93,"column":18},"end":{"line":93,"column":35}}],"line":93},"8":{"loc":{"start":{"line":97,"column":4},"end":{"line":97,"column":59}},"type":"binary-expr","locations":[{"start":{"line":97,"column":4},"end":{"line":97,"column":22}},{"start":{"line":97,"column":26},"end":{"line":97,"column":59}}],"line":97},"9":{"loc":{"start":{"line":103,"column":4},"end":{"line":103,"column":32}},"type":"binary-expr","locations":[{"start":{"line":103,"column":4},"end":{"line":103,"column":15}},{"start":{"line":103,"column":19},"end":{"line":103,"column":32}}],"line":103},"10":{"loc":{"start":{"line":107,"column":4},"end":{"line":110,"column":5}},"type":"if","locations":[{"start":{"line":107,"column":4},"end":{"line":110,"column":5}},{"start":{},"end":{}}],"line":107},"11":{"loc":{"start":{"line":116,"column":4},"end":{"line":118,"column":5}},"type":"if","locations":[{"start":{"line":116,"column":4},"end":{"line":118,"column":5}},{"start":{},"end":{}}],"line":116},"12":{"loc":{"start":{"line":119,"column":4},"end":{"line":119,"column":34}},"type":"binary-expr","locations":[{"start":{"line":119,"column":4},"end":{"line":119,"column":16}},{"start":{"line":119,"column":20},"end":{"line":119,"column":34}}],"line":119},"13":{"loc":{"start":{"line":123,"column":4},"end":{"line":125,"column":5}},"type":"if","locations":[{"start":{"line":123,"column":4},"end":{"line":125,"column":5}},{"start":{},"end":{}}],"line":123},"14":{"loc":{"start":{"line":126,"column":30},"end":{"line":126,"column":57}},"type":"cond-expr","locations":[{"start":{"line":126,"column":51},"end":{"line":126,"column":53}},{"start":{"line":126,"column":56},"end":{"line":126,"column":57}}],"line":126},"15":{"loc":{"start":{"line":127,"column":26},"end":{"line":127,"column":40}},"type":"cond-expr","locations":[{"start":{"line":127,"column":34},"end":{"line":127,"column":36}},{"start":{"line":127,"column":39},"end":{"line":127,"column":40}}],"line":127},"16":{"loc":{"start":{"line":131,"column":4},"end":{"line":146,"column":5}},"type":"if","locations":[{"start":{"line":131,"column":4},"end":{"line":146,"column":5}},{"start":{"line":134,"column":11},"end":{"line":146,"column":5}}],"line":131},"17":{"loc":{"start":{"line":134,"column":11},"end":{"line":146,"column":5}},"type":"if","locations":[{"start":{"line":134,"column":11},"end":{"line":146,"column":5}},{"start":{"line":138,"column":11},"end":{"line":146,"column":5}}],"line":134},"18":{"loc":{"start":{"line":150,"column":4},"end":{"line":152,"column":5}},"type":"if","locations":[{"start":{"line":150,"column":4},"end":{"line":152,"column":5}},{"start":{},"end":{}}],"line":150},"19":{"loc":{"start":{"line":153,"column":30},"end":{"line":153,"column":57}},"type":"cond-expr","locations":[{"start":{"line":153,"column":51},"end":{"line":153,"column":53}},{"start":{"line":153,"column":56},"end":{"line":153,"column":57}}],"line":153},"20":{"loc":{"start":{"line":154,"column":26},"end":{"line":154,"column":40}},"type":"cond-expr","locations":[{"start":{"line":154,"column":34},"end":{"line":154,"column":36}},{"start":{"line":154,"column":39},"end":{"line":154,"column":40}}],"line":154},"21":{"loc":{"start":{"line":159,"column":4},"end":{"line":161,"column":44}},"type":"cond-expr","locations":[{"start":{"line":160,"column":8},"end":{"line":160,"column":39}},{"start":{"line":161,"column":8},"end":{"line":161,"column":44}}],"line":159},"22":{"loc":{"start":{"line":166,"column":4},"end":{"line":169,"column":5}},"type":"if","locations":[{"start":{"line":166,"column":4},"end":{"line":169,"column":5}},{"start":{},"end":{}}],"line":166},"23":{"loc":{"start":{"line":180,"column":7},"end":{"line":182,"column":43}},"type":"cond-expr","locations":[{"start":{"line":181,"column":10},"end":{"line":181,"column":36}},{"start":{"line":182,"column":10},"end":{"line":182,"column":43}}],"line":180},"24":{"loc":{"start":{"line":184,"column":6},"end":{"line":184,"column":40}},"type":"binary-expr","locations":[{"start":{"line":184,"column":6},"end":{"line":184,"column":29}},{"start":{"line":184,"column":33},"end":{"line":184,"column":40}}],"line":184},"25":{"loc":{"start":{"line":190,"column":4},"end":{"line":190,"column":51}},"type":"binary-expr","locations":[{"start":{"line":190,"column":4},"end":{"line":190,"column":18}},{"start":{"line":190,"column":22},"end":{"line":190,"column":51}}],"line":190},"26":{"loc":{"start":{"line":197,"column":4},"end":{"line":200,"column":5}},"type":"if","locations":[{"start":{"line":197,"column":4},"end":{"line":200,"column":5}},{"start":{},"end":{}}],"line":197},"27":{"loc":{"start":{"line":210,"column":4},"end":{"line":214,"column":5}},"type":"if","locations":[{"start":{"line":210,"column":4},"end":{"line":214,"column":5}},{"start":{"line":212,"column":11},"end":{"line":214,"column":5}}],"line":210},"28":{"loc":{"start":{"line":219,"column":23},"end":{"line":221,"column":34}},"type":"cond-expr","locations":[{"start":{"line":220,"column":10},"end":{"line":220,"column":42}},{"start":{"line":221,"column":10},"end":{"line":221,"column":34}}],"line":219},"29":{"loc":{"start":{"line":222,"column":19},"end":{"line":224,"column":30}},"type":"cond-expr","locations":[{"start":{"line":223,"column":10},"end":{"line":223,"column":38}},{"start":{"line":224,"column":10},"end":{"line":224,"column":30}}],"line":222},"30":{"loc":{"start":{"line":233,"column":9},"end":{"line":235,"column":9}},"type":"binary-expr","locations":[{"start":{"line":233,"column":9},"end":{"line":233,"column":28}},{"start":{"line":233,"column":32},"end":{"line":233,"column":52}},{"start":{"line":234,"column":10},"end":{"line":234,"column":71}}],"line":233},"31":{"loc":{"start":{"line":236,"column":9},"end":{"line":240,"column":9}},"type":"binary-expr","locations":[{"start":{"line":236,"column":9},"end":{"line":236,"column":27}},{"start":{"line":237,"column":10},"end":{"line":239,"column":17}}],"line":236},"32":{"loc":{"start":{"line":249,"column":8},"end":{"line":249,"column":67}},"type":"cond-expr","locations":[{"start":{"line":249,"column":29},"end":{"line":249,"column":48}},{"start":{"line":249,"column":51},"end":{"line":249,"column":67}}],"line":249},"33":{"loc":{"start":{"line":255,"column":7},"end":{"line":277,"column":7}},"type":"cond-expr","locations":[{"start":{"line":256,"column":8},"end":{"line":267,"column":34}},{"start":{"line":269,"column":8},"end":{"line":276,"column":24}}],"line":255},"34":{"loc":{"start":{"line":258,"column":12},"end":{"line":258,"column":60}},"type":"cond-expr","locations":[{"start":{"line":258,"column":23},"end":{"line":258,"column":33}},{"start":{"line":258,"column":36},"end":{"line":258,"column":60}}],"line":258},"35":{"loc":{"start":{"line":272,"column":25},"end":{"line":272,"column":61}},"type":"cond-expr","locations":[{"start":{"line":272,"column":46},"end":{"line":272,"column":52}},{"start":{"line":272,"column":55},"end":{"line":272,"column":61}}],"line":272}},"s":{"0":3,"1":3,"2":3,"3":14,"4":13,"5":13,"6":13,"7":12,"8":1,"9":13,"10":13,"11":13,"12":13,"13":13,"14":13,"15":13,"16":13,"17":0,"18":0,"19":0,"20":0,"21":0,"22":13,"23":13,"24":13,"25":13,"26":13,"27":13,"28":0,"29":0,"30":0,"31":0,"32":0,"33":0,"34":0,"35":0,"36":0,"37":0,"38":0,"39":0,"40":0,"41":0,"42":0,"43":0,"44":0,"45":0,"46":0,"47":0,"48":0,"49":0,"50":0,"51":0,"52":0,"53":0,"54":0,"55":0,"56":0,"57":0,"58":0,"59":0,"60":0,"61":0,"62":0,"63":0,"64":0,"65":0,"66":0,"67":0,"68":0,"69":0,"70":0,"71":0,"72":0,"73":0,"74":0,"75":13,"76":13,"77":12,"78":1,"79":13,"80":13,"81":13,"82":13,"83":3},"f":{"0":14,"1":0,"2":0,"3":0,"4":0,"5":0,"6":13,"7":13,"8":13,"9":0,"10":0,"11":0,"12":0,"13":0,"14":0,"15":0,"16":0,"17":0,"18":0,"19":0,"20":13},"b":{"0":[1],"1":[1],"2":[1],"3":[0],"4":[1],"5":[1],"6":[12,1],"7":[13,0],"8":[13,0],"9":[0,0],"10":[0,0],"11":[0,0],"12":[0,0],"13":[0,0],"14":[0,0],"15":[0,0],"16":[0,0],"17":[0,0],"18":[0,0],"19":[0,0],"20":[0,0],"21":[0,0],"22":[0,0],"23":[0,0],"24":[0,0],"25":[0,0],"26":[0,0],"27":[12,1],"28":[1,12],"29":[1,12],"30":[13,12,0],"31":[13,1],"32":[0,13],"33":[0,13],"34":[0,0],"35":[0,13]},"_coverageSchema":"1a1c01bbd47fc00a2c39e90264f33305004495a9","hash":"7e781f0630bb80ced59a9167d19f43dc1f64b737"}
,"/Users/uday-kybing/work/RNSwipeButton/src/components/SwipeThumb/styles.js": {"path":"/Users/uday-kybing/work/RNSwipeButton/src/components/SwipeThumb/styles.js","statementMap":{"0":{"start":{"line":3,"column":20},"end":{"line":3,"column":21}},"1":{"start":{"line":4,"column":15},"end":{"line":4,"column":16}},"2":{"start":{"line":5,"column":27},"end":{"line":5,"column":30}},"3":{"start":{"line":6,"column":15},"end":{"line":30,"column":2}}},"fnMap":{},"branchMap":{},"s":{"0":3,"1":3,"2":3,"3":3},"f":{},"b":{},"_coverageSchema":"1a1c01bbd47fc00a2c39e90264f33305004495a9","hash":"df3260792df02f09f8621d391f3727de3134e367"}
,"/Users/uday-kybing/work/RNSwipeButton/src/constants/index.js": {"path":"/Users/uday-kybing/work/RNSwipeButton/src/constants/index.js","statementMap":{"0":{"start":{"line":1,"column":27},"end":{"line":1,"column":36}},"1":{"start":{"line":2,"column":33},"end":{"line":2,"column":44}},"2":{"start":{"line":4,"column":33},"end":{"line":4,"column":42}},"3":{"start":{"line":5,"column":37},"end":{"line":5,"column":46}},"4":{"start":{"line":6,"column":46},"end":{"line":6,"column":55}},"5":{"start":{"line":8,"column":38},"end":{"line":8,"column":47}},"6":{"start":{"line":9,"column":42},"end":{"line":9,"column":53}},"7":{"start":{"line":11,"column":39},"end":{"line":11,"column":48}},"8":{"start":{"line":12,"column":43},"end":{"line":12,"column":52}},"9":{"start":{"line":14,"column":48},"end":{"line":14,"column":57}},"10":{"start":{"line":15,"column":52},"end":{"line":15,"column":61}},"11":{"start":{"line":17,"column":39},"end":{"line":17,"column":41}}},"fnMap":{},"branchMap":{},"s":{"0":3,"1":3,"2":3,"3":3,"4":3,"5":3,"6":3,"7":3,"8":3,"9":3,"10":3,"11":3},"f":{},"b":{},"_coverageSchema":"1a1c01bbd47fc00a2c39e90264f33305004495a9","hash":"16a0e1d3a308c13765e1a8e49df5ebfbb1a94cd0"}
}
