TN:
SF:src/components/SwipeButton/index.tsx
FN:83,(anonymous_0)
FN:132,(anonymous_1)
FN:146,(anonymous_2)
FN:154,(anonymous_3)
FN:161,(anonymous_4)
FN:170,(anonymous_5)
FN:178,(anonymous_6)
FN:189,(anonymous_7)
FN:197,(anonymous_8)
FNF:9
FNH:7
FNDA:44,(anonymous_0)
FNDA:14,(anonymous_1)
FNDA:14,(anonymous_2)
FNDA:29,(anonymous_3)
FNDA:29,(anonymous_4)
FNDA:29,(anonymous_5)
FNDA:14,(anonymous_6)
FNDA:0,(anonymous_7)
FNDA:0,(anonymous_8)
DA:83,2
DA:121,44
DA:122,44
DA:123,44
DA:124,44
DA:125,44
DA:131,44
DA:133,14
DA:134,14
DA:135,14
DA:146,44
DA:147,14
DA:148,0
DA:150,14
DA:154,44
DA:155,29
DA:156,29
DA:158,0
DA:161,44
DA:162,29
DA:163,29
DA:168,29
DA:170,29
DA:171,29
DA:172,29
DA:173,29
DA:178,44
DA:180,14
DA:181,1
DA:182,13
DA:183,0
DA:185,13
DA:189,44
DA:190,0
DA:191,0
DA:193,0
DA:197,44
DA:198,0
DA:201,44
DA:210,44
LF:40
LH:33
BRDA:85,0,0,39
BRDA:86,1,0,44
BRDA:87,2,0,44
BRDA:88,3,0,44
BRDA:89,4,0,44
BRDA:91,5,0,44
BRDA:94,6,0,41
BRDA:98,7,0,41
BRDA:99,8,0,41
BRDA:100,9,0,41
BRDA:101,10,0,41
BRDA:105,11,0,44
BRDA:106,12,0,41
BRDA:107,13,0,41
BRDA:110,14,0,41
BRDA:112,15,0,38
BRDA:113,16,0,41
BRDA:114,17,0,41
BRDA:116,18,0,41
BRDA:117,19,0,41
BRDA:134,20,0,14
BRDA:134,20,1,0
BRDA:134,21,0,14
BRDA:134,21,1,14
BRDA:147,22,0,0
BRDA:147,22,1,14
BRDA:147,23,0,14
BRDA:147,23,1,1
BRDA:155,24,0,29
BRDA:155,24,1,0
BRDA:155,25,0,29
BRDA:155,25,1,29
BRDA:172,26,0,29
BRDA:172,26,1,0
BRDA:180,27,0,1
BRDA:180,27,1,13
BRDA:182,28,0,0
BRDA:182,28,1,13
BRDA:190,29,0,0
BRDA:190,29,1,0
BRDA:191,30,0,0
BRDA:191,30,1,0
BRDA:193,31,0,0
BRDA:193,31,1,0
BRDA:203,32,0,5
BRDA:203,32,1,39
BRDA:207,33,0,3
BRDA:207,33,1,41
BRDA:218,34,0,5
BRDA:218,34,1,39
BRDA:240,35,0,44
BRDA:240,35,1,28
BRF:52
BRH:41
end_of_record
TN:
SF:src/components/SwipeButton/styles.tsx
FNF:0
FNH:0
DA:3,2
LF:1
LH:1
BRF:0
BRH:0
end_of_record
TN:
SF:src/components/SwipeThumb/index.tsx
FN:61,(anonymous_0)
FN:110,(anonymous_1)
FN:118,(anonymous_2)
FN:122,(anonymous_3)
FN:126,onSwipeNotMetSuccessThreshold
FN:132,onSwipeMetSuccessThreshold
FN:141,onPanResponderStart
FN:149,(anonymous_7)
FN:186,onPanResponderRelease
FN:207,setBackgroundColors
FN:216,finishRemainingSwipe
FN:227,(anonymous_11)
FN:232,invokeOnSwipeSuccess
FN:237,reset
FN:242,forceComplete
FN:247,(anonymous_15)
FN:272,(anonymous_16)
FN:292,(anonymous_17)
FN:293,(anonymous_18)
FN:294,(anonymous_19)
FN:295,(anonymous_20)
FN:296,(anonymous_21)
FNF:22
FNH:8
FNDA:19,(anonymous_0)
FNDA:16,(anonymous_1)
FNDA:15,(anonymous_2)
FNDA:15,(anonymous_3)
FNDA:0,onSwipeNotMetSuccessThreshold
FNDA:0,onSwipeMetSuccessThreshold
FNDA:0,onPanResponderStart
FNDA:0,(anonymous_7)
FNDA:0,onPanResponderRelease
FNDA:0,setBackgroundColors
FNDA:0,finishRemainingSwipe
FNDA:0,(anonymous_11)
FNDA:1,invokeOnSwipeSuccess
FNDA:0,reset
FNDA:1,forceComplete
FNDA:15,(anonymous_15)
FNDA:17,(anonymous_16)
FNDA:0,(anonymous_17)
FNDA:0,(anonymous_18)
FNDA:0,(anonymous_19)
FNDA:0,(anonymous_20)
FNDA:0,(anonymous_21)
DA:30,3
DA:61,3
DA:89,19
DA:91,17
DA:92,17
DA:93,17
DA:94,16
DA:95,1
DA:96,1
DA:98,17
DA:99,17
DA:101,17
DA:104,17
DA:105,17
DA:107,17
DA:108,17
DA:110,17
DA:111,16
DA:118,17
DA:119,15
DA:122,17
DA:123,15
DA:128,0
DA:129,0
DA:133,0
DA:134,0
DA:135,0
DA:137,0
DA:138,0
DA:142,0
DA:143,0
DA:145,0
DA:148,17
DA:150,0
DA:152,0
DA:153,0
DA:155,0
DA:158,0
DA:159,0
DA:160,0
DA:161,0
DA:162,0
DA:164,0
DA:165,0
DA:170,0
DA:190,0
DA:191,0
DA:193,0
DA:196,0
DA:197,0
DA:199,0
DA:201,0
DA:202,0
DA:208,0
DA:209,0
DA:211,0
DA:212,0
DA:218,0
DA:219,0
DA:223,0
DA:227,0
DA:228,0
DA:233,1
DA:234,1
DA:238,0
DA:239,0
DA:243,1
DA:244,1
DA:247,17
DA:248,15
DA:249,15
DA:272,17
DA:273,17
DA:290,17
DA:292,0
DA:293,0
DA:294,0
DA:295,0
DA:296,0
DA:304,17
DA:312,17
LF:81
LH:35
BRDA:63,0,0,1
BRDA:64,1,0,1
BRDA:68,2,0,1
BRDA:71,3,0,0
BRDA:86,4,0,1
BRDA:88,5,0,1
BRDA:93,6,0,16
BRDA:93,6,1,1
BRDA:93,7,0,17
BRDA:93,7,1,16
BRDA:95,8,0,1
BRDA:95,8,1,0
BRDA:119,9,0,15
BRDA:119,9,1,1
BRDA:123,10,0,15
BRDA:123,10,1,1
BRDA:129,11,0,0
BRDA:129,11,1,0
BRDA:133,12,0,0
BRDA:133,12,1,0
BRDA:142,13,0,0
BRDA:142,13,1,0
BRDA:145,14,0,0
BRDA:145,14,1,0
BRDA:150,15,0,0
BRDA:150,15,1,0
BRDA:150,16,0,0
BRDA:150,16,1,0
BRDA:152,17,0,0
BRDA:152,17,1,0
BRDA:153,18,0,0
BRDA:153,18,1,0
BRDA:158,19,0,0
BRDA:158,19,1,0
BRDA:160,20,0,0
BRDA:160,20,1,0
BRDA:190,21,0,0
BRDA:190,21,1,0
BRDA:193,22,0,0
BRDA:193,22,1,0
BRDA:196,23,0,0
BRDA:196,23,1,0
BRDA:197,24,0,0
BRDA:197,24,1,0
BRDA:202,25,0,0
BRDA:202,25,1,0
BRDA:208,26,0,0
BRDA:208,26,1,0
BRDA:211,27,0,0
BRDA:211,27,1,0
BRDA:224,28,0,0
BRDA:224,28,1,0
BRDA:228,29,0,0
BRDA:228,29,1,0
BRDA:234,30,0,1
BRDA:234,30,1,1
BRDA:248,31,0,15
BRDA:248,31,1,14
BRDA:248,31,2,0
BRDA:253,32,0,1
BRDA:253,32,1,14
BRDA:256,33,0,1
BRDA:256,33,1,14
BRDA:278,34,0,17
BRDA:278,34,1,16
BRDA:278,34,2,0
BRDA:281,35,0,17
BRDA:281,35,1,1
BRDA:308,36,0,0
BRDA:308,36,1,17
BRDA:316,37,0,0
BRDA:316,37,1,17
BRF:72
BRH:28
end_of_record
TN:
SF:src/components/SwipeThumb/styles.tsx
FNF:0
FNH:0
DA:3,3
DA:4,3
DA:5,3
DA:6,3
LF:4
LH:4
BRF:0
BRH:0
end_of_record
TN:
SF:src/constants/index.tsx
FNF:0
FNH:0
DA:1,3
DA:2,3
DA:4,3
DA:5,3
DA:6,3
DA:8,3
DA:9,3
DA:11,3
DA:12,3
DA:14,3
DA:15,3
DA:17,3
DA:18,3
DA:19,3
DA:20,3
DA:21,3
DA:22,3
LF:17
LH:17
BRF:0
BRH:0
end_of_record
