TN:
SF:src/components/SwipeButton/index.js
FN:32,(anonymous_0)
FN:79,(anonymous_1)
FN:91,(anonymous_2)
FN:99,(anonymous_3)
FN:106,(anonymous_4)
FN:115,(anonymous_5)
FN:123,(anonymous_6)
FN:134,(anonymous_7)
FN:142,(anonymous_8)
FNF:9
FNH:7
FNDA:44,(anonymous_0)
FNDA:14,(anonymous_1)
FNDA:14,(anonymous_2)
FNDA:29,(anonymous_3)
FNDA:29,(anonymous_4)
FNDA:29,(anonymous_5)
FNDA:14,(anonymous_6)
FNDA:0,(anonymous_7)
FNDA:0,(anonymous_8)
DA:32,2
DA:69,44
DA:70,44
DA:71,44
DA:72,44
DA:73,44
DA:79,44
DA:80,14
DA:81,0
DA:83,14
DA:91,44
DA:92,14
DA:93,0
DA:95,14
DA:99,44
DA:100,29
DA:101,29
DA:103,0
DA:106,44
DA:107,29
DA:108,29
DA:113,29
DA:115,29
DA:116,29
DA:117,29
DA:118,29
DA:123,44
DA:125,14
DA:126,1
DA:127,13
DA:128,0
DA:130,13
DA:134,44
DA:135,0
DA:136,0
DA:138,0
DA:142,44
DA:143,0
DA:146,44
DA:225,2
LF:40
LH:32
BRDA:33,0,0,41
BRDA:34,1,0,39
BRDA:35,2,0,44
BRDA:36,3,0,44
BRDA:37,4,0,44
BRDA:38,5,0,44
BRDA:40,6,0,44
BRDA:43,7,0,41
BRDA:47,8,0,41
BRDA:48,9,0,41
BRDA:49,10,0,41
BRDA:50,11,0,41
BRDA:54,12,0,44
BRDA:55,13,0,41
BRDA:56,14,0,41
BRDA:59,15,0,41
BRDA:61,16,0,38
BRDA:62,17,0,41
BRDA:63,18,0,41
BRDA:65,19,0,41
BRDA:66,20,0,41
BRDA:80,21,0,0
BRDA:80,21,1,14
BRDA:80,22,0,14
BRDA:80,22,1,14
BRDA:92,23,0,0
BRDA:92,23,1,14
BRDA:92,24,0,14
BRDA:92,24,1,1
BRDA:100,25,0,29
BRDA:100,25,1,0
BRDA:100,26,0,29
BRDA:100,26,1,29
BRDA:117,27,0,29
BRDA:117,27,1,0
BRDA:125,28,0,1
BRDA:125,28,1,13
BRDA:127,29,0,0
BRDA:127,29,1,13
BRDA:135,30,0,0
BRDA:135,30,1,0
BRDA:136,31,0,0
BRDA:136,31,1,0
BRDA:138,32,0,0
BRDA:138,32,1,0
BRDA:154,33,0,5
BRDA:154,33,1,39
BRDA:160,34,0,5
BRDA:160,34,1,39
BRDA:164,35,0,3
BRDA:164,35,1,41
BRDA:175,36,0,0
BRDA:175,36,1,44
BRDA:188,37,0,44
BRDA:188,37,1,28
BRF:55
BRH:43
end_of_record
TN:
SF:src/components/SwipeButton/styles.js
FNF:0
FNH:0
DA:3,2
LF:1
LH:1
BRF:0
BRH:0
end_of_record
TN:
SF:src/components/SwipeThumb/index.tsx
FN:41,(anonymous_0)
FN:92,(anonymous_1)
FN:93,(anonymous_2)
FN:94,(anonymous_3)
FN:95,(anonymous_4)
FN:96,(anonymous_5)
FN:104,(anonymous_6)
FN:112,(anonymous_7)
FN:116,(anonymous_8)
FN:120,onSwipeNotMetSuccessThreshold
FN:126,onSwipeMetSuccessThreshold
FN:135,onPanResponderStart
FN:142,onPanResponderMove
FN:169,onPanResponderRelease
FN:185,setBackgroundColors
FN:194,finishRemainingSwipe
FN:205,(anonymous_16)
FN:210,invokeOnSwipeSuccess
FN:215,reset
FN:220,forceComplete
FN:225,renderThumbIcon
FNF:21
FNH:7
FNDA:19,(anonymous_0)
FNDA:0,(anonymous_1)
FNDA:0,(anonymous_2)
FNDA:0,(anonymous_3)
FNDA:0,(anonymous_4)
FNDA:0,(anonymous_5)
FNDA:16,(anonymous_6)
FNDA:15,(anonymous_7)
FNDA:15,(anonymous_8)
FNDA:0,onSwipeNotMetSuccessThreshold
FNDA:0,onSwipeMetSuccessThreshold
FNDA:0,onPanResponderStart
FNDA:0,onPanResponderMove
FNDA:0,onPanResponderRelease
FNDA:0,setBackgroundColors
FNDA:0,finishRemainingSwipe
FNDA:0,(anonymous_16)
FNDA:1,invokeOnSwipeSuccess
FNDA:0,reset
FNDA:1,forceComplete
FNDA:17,renderThumbIcon
DA:9,3
DA:10,3
DA:41,3
DA:69,19
DA:71,17
DA:72,17
DA:73,17
DA:74,16
DA:75,1
DA:76,1
DA:78,17
DA:79,17
DA:81,17
DA:84,17
DA:85,17
DA:87,17
DA:88,17
DA:90,17
DA:92,0
DA:93,0
DA:94,0
DA:95,0
DA:96,0
DA:104,17
DA:105,16
DA:112,17
DA:113,15
DA:116,17
DA:117,15
DA:122,0
DA:123,0
DA:127,0
DA:128,0
DA:129,0
DA:131,0
DA:132,0
DA:136,0
DA:137,0
DA:139,0
DA:143,0
DA:144,0
DA:146,0
DA:147,0
DA:149,0
DA:151,0
DA:153,0
DA:154,0
DA:156,0
DA:157,0
DA:159,0
DA:160,0
DA:165,0
DA:170,0
DA:171,0
DA:173,0
DA:174,0
DA:175,0
DA:177,0
DA:179,0
DA:180,0
DA:186,0
DA:187,0
DA:189,0
DA:190,0
DA:196,0
DA:197,0
DA:201,0
DA:205,0
DA:206,0
DA:211,1
DA:212,1
DA:216,0
DA:217,0
DA:221,1
DA:222,1
DA:226,17
DA:227,17
DA:228,16
DA:229,1
DA:230,1
DA:232,17
DA:245,17
DA:262,17
DA:270,17
LF:84
LH:37
BRDA:43,0,0,1
BRDA:44,1,0,1
BRDA:48,2,0,1
BRDA:51,3,0,0
BRDA:66,4,0,1
BRDA:68,5,0,1
BRDA:73,6,0,16
BRDA:73,6,1,1
BRDA:73,7,0,17
BRDA:73,7,1,16
BRDA:75,8,0,1
BRDA:75,8,1,0
BRDA:113,9,0,15
BRDA:113,9,1,1
BRDA:117,10,0,15
BRDA:117,10,1,1
BRDA:123,11,0,0
BRDA:123,11,1,0
BRDA:127,12,0,0
BRDA:127,12,1,0
BRDA:136,13,0,0
BRDA:136,13,1,0
BRDA:139,14,0,0
BRDA:139,14,1,0
BRDA:143,15,0,0
BRDA:143,15,1,0
BRDA:143,16,0,0
BRDA:143,16,1,0
BRDA:146,17,0,0
BRDA:146,17,1,0
BRDA:147,18,0,0
BRDA:147,18,1,0
BRDA:151,19,0,0
BRDA:151,19,1,0
BRDA:154,20,0,0
BRDA:154,20,1,0
BRDA:170,21,0,0
BRDA:170,21,1,0
BRDA:173,22,0,0
BRDA:173,22,1,0
BRDA:174,23,0,0
BRDA:174,23,1,0
BRDA:175,24,0,0
BRDA:175,24,1,0
BRDA:180,25,0,0
BRDA:180,25,1,0
BRDA:186,26,0,0
BRDA:186,26,1,0
BRDA:189,27,0,0
BRDA:189,27,1,0
BRDA:202,28,0,0
BRDA:202,28,1,0
BRDA:206,29,0,0
BRDA:206,29,1,0
BRDA:212,30,0,1
BRDA:212,30,1,1
BRDA:227,31,0,16
BRDA:227,31,1,1
BRDA:227,32,0,17
BRDA:227,32,1,16
BRDA:229,33,0,1
BRDA:229,33,1,0
BRDA:236,34,0,1
BRDA:236,34,1,16
BRDA:239,35,0,1
BRDA:239,35,1,16
BRDA:250,36,0,17
BRDA:250,36,1,16
BRDA:250,36,2,0
BRDA:253,37,0,17
BRDA:253,37,1,1
BRDA:266,38,0,0
BRDA:266,38,1,17
BRDA:274,39,0,0
BRDA:274,39,1,17
BRF:75
BRH:31
end_of_record
TN:
SF:src/components/SwipeThumb/styles.tsx
FNF:0
FNH:0
DA:3,3
DA:4,3
DA:5,3
DA:6,3
LF:4
LH:4
BRF:0
BRH:0
end_of_record
TN:
SF:src/constants/index.js
FNF:0
FNH:0
DA:1,3
DA:2,3
DA:4,3
DA:5,3
DA:6,3
DA:8,3
DA:9,3
DA:11,3
DA:12,3
DA:14,3
DA:15,3
DA:17,3
LF:12
LH:12
BRF:0
BRH:0
end_of_record
